<?xml version="1.0" encoding="UTF-8"?>
<!-- Generated by org.testng.reporters.JUnitXMLReporter -->
<testsuite ignored="0" hostname="DESKTOP-V44M6NP" failures="0" tests="4" name="Test" time="4.112" errors="0" timestamp="2023-02-04T18:38:24 IST">
  <testcase classname="TestNG.VerifyAddtoCartandBuyNowNew" name="@BeforeTest launchBrowser" time="-1.675516104185E9">
    <failure type="org.testng.TestNGException" message="
Parameter &amp;apos;AmazonTest2&amp;apos; is required by BeforeTest on method launchBrowser but has not been marked @Optional or defined
in C:\Users\ADMIN\eclipse-workspace\Amazon_Automation\testng1.xml">
      <![CDATA[org.testng.TestNGException: 
Parameter 'AmazonTest2' is required by BeforeTest on method launchBrowser but has not been marked @Optional or defined
in C:\Users\ADMIN\eclipse-workspace\Amazon_Automation\testng1.xml
... Removed 21 stack frames]]>
    </failure>
  </testcase> <!-- @BeforeTest launchBrowser -->
  <testcase classname="TestNG.VerifyAddAddressPage" name="@BeforeClass CreatePOMClassObjects" time="-1.675516104279E9">
    <skipped/>
  </testcase> <!-- @BeforeClass CreatePOMClassObjects -->
  <testcase classname="TestNG.VerifyAddtoCartandBuyNowNew" name="@BeforeClass CreatePOMClassObjects" time="-1.675516104283E9">
    <skipped/>
  </testcase> <!-- @BeforeClass CreatePOMClassObjects -->
  <testcase classname="TestNG.VerifyAddtoCartandBuyNowNew" name="@BeforeMethod Signin" time="-1.675516104316E9">
    <skipped/>
  </testcase> <!-- @BeforeMethod Signin -->
  <testcase classname="TestNG.VerifyAddAddressPage" name="@BeforeMethod Signin" time="-1.675516104316E9">
    <skipped/>
  </testcase> <!-- @BeforeMethod Signin -->
  <testcase classname="TestNG.VerifyAddtoCartandBuyNowNew" name="@AfterMethod gobacktoMainPage" time="-1.675516104361E9">
    <skipped/>
  </testcase> <!-- @AfterMethod gobacktoMainPage -->
  <testcase classname="TestNG.VerifyAddtoCartandBuyNowNew" name="@BeforeMethod Signin" time="-1.67551610437E9">
    <skipped/>
  </testcase> <!-- @BeforeMethod Signin -->
  <testcase classname="TestNG.VerifyAddtoCartandBuyNowNew" name="@AfterMethod gobacktoMainPage" time="-1.675516104386E9">
    <skipped/>
  </testcase> <!-- @AfterMethod gobacktoMainPage -->
  <testcase classname="TestNG.VerifyAddAddressPage" name="@AfterMethod gobacktoMainPage" time="-1.675516104396E9">
    <skipped/>
  </testcase> <!-- @AfterMethod gobacktoMainPage -->
  <testcase classname="TestNG.VerifyAddAddressPage" name="@BeforeMethod Signin" time="-1.675516104403E9">
    <skipped/>
  </testcase> <!-- @BeforeMethod Signin -->
  <testcase classname="TestNG.VerifyAddtoCartandBuyNowNew" name="@AfterClass clearObjects" time="-1.675516104391E9">
    <skipped/>
  </testcase> <!-- @AfterClass clearObjects -->
  <testcase classname="TestNG.VerifyAddAddressPage" name="@AfterMethod gobacktoMainPage" time="-1.675516104426E9">
    <skipped/>
  </testcase> <!-- @AfterMethod gobacktoMainPage -->
  <testcase classname="TestNG.VerifyAddAddressPage" name="@AfterClass clearObjects" time="-1.675516104431E9">
    <skipped/>
  </testcase> <!-- @AfterClass clearObjects -->
  <testcase classname="TestNG.VerifyAddAddressPage" name="@AfterTest closethebrowser" time="-1.675516104435E9">
    <skipped/>
  </testcase> <!-- @AfterTest closethebrowser -->
  <testcase classname="TestNG.VerifyAddtoCartandBuyNowNew" name="@AfterTest closethebrowser" time="-1.675516104439E9">
    <skipped/>
  </testcase> <!-- @AfterTest closethebrowser -->
  <testcase classname="TestNG.VerifyAddtoCartandBuyNowNew" name="ClickonBuyNow" time="0.0">
    <skipped/>
  </testcase> <!-- ClickonBuyNow -->
  <testcase classname="TestNG.VerifyAddAddressPage" name="VerifyEditAddress" time="0.0">
    <skipped/>
  </testcase> <!-- VerifyEditAddress -->
  <testcase classname="TestNG.VerifyAddtoCartandBuyNowNew" name="clickonAddtoCart" time="0.0">
    <skipped/>
  </testcase> <!-- clickonAddtoCart -->
  <testcase classname="TestNG.VerifyAddAddressPage" name="AddNewAddress" time="0.0">
    <skipped/>
  </testcase> <!-- AddNewAddress -->
</testsuite> <!-- Test -->
