<?xml version="1.0" encoding="UTF-8"?>
<!-- Generated by org.testng.reporters.JUnitXMLReporter -->
<testsuite ignored="0" hostname="DESKTOP-V44M6NP" failures="0" tests="2" name="Default test" time="0.253" errors="0" timestamp="2023-02-09T17:41:53 IST">
  <testcase classname="TestNG.VerifyAddAddressPage" name="@BeforeTest launchBrowser" time="-1.675944713048E9">
    <failure type="org.testng.TestNGException" message="
Parameter &amp;apos;AmazonTest&amp;apos; is required by BeforeTest on method launchBrowser but has not been marked @Optional or defined
in C:\Users\ADMIN\AppData\Local\Temp\testng-eclipse--1486313946\testng-customsuite.xml">
      <![CDATA[org.testng.TestNGException: 
Parameter 'AmazonTest' is required by BeforeTest on method launchBrowser but has not been marked @Optional or defined
in C:\Users\ADMIN\AppData\Local\Temp\testng-eclipse--1486313946\testng-customsuite.xml
at org.testng.internal.Parameters.createParams(Parameters.java:289)
at org.testng.internal.Parameters.createParametersForMethod(Parameters.java:377)
at org.testng.internal.Parameters.createParameters(Parameters.java:721)
at org.testng.internal.Parameters.createConfigurationParameters(Parameters.java:164)
at org.testng.internal.ConfigInvoker.invokeConfigurations(ConfigInvoker.java:275)
at org.testng.TestRunner.invokeTestConfigurations(TestRunner.java:623)
at org.testng.TestRunner.beforeRun(TestRunner.java:613)
at org.testng.TestRunner.run(TestRunner.java:584)
at org.testng.SuiteRunner.runTest(SuiteRunner.java:402)
at org.testng.SuiteRunner.runSequentially(SuiteRunner.java:396)
at org.testng.SuiteRunner.privateRun(SuiteRunner.java:355)
at org.testng.SuiteRunner.run(SuiteRunner.java:304)
at org.testng.SuiteRunnerWorker.runSuite(SuiteRunnerWorker.java:53)
at org.testng.SuiteRunnerWorker.run(SuiteRunnerWorker.java:96)
at org.testng.TestNG.runSuitesSequentially(TestNG.java:1180)
at org.testng.TestNG.runSuitesLocally(TestNG.java:1102)
at org.testng.TestNG.runSuites(TestNG.java:1032)
at org.testng.TestNG.run(TestNG.java:1000)
at org.testng.remote.AbstractRemoteTestNG.run(AbstractRemoteTestNG.java:115)
at org.testng.remote.RemoteTestNG.initAndRun(RemoteTestNG.java:251)
at org.testng.remote.RemoteTestNG.main(RemoteTestNG.java:77)
]]>
    </failure>
  </testcase> <!-- @BeforeTest launchBrowser -->
  <testcase classname="TestNG.VerifyAddAddressPage" name="@BeforeClass CreatePOMClassObjects" time="-1.675944713141E9">
    <skipped/>
  </testcase> <!-- @BeforeClass CreatePOMClassObjects -->
  <testcase classname="TestNG.VerifyAddAddressPage" name="@BeforeMethod Signin" time="-1.675944713196E9">
    <skipped/>
  </testcase> <!-- @BeforeMethod Signin -->
  <testcase classname="TestNG.VerifyAddAddressPage" name="@AfterMethod gobacktoMainPage" time="-1.675944713217E9">
    <skipped/>
  </testcase> <!-- @AfterMethod gobacktoMainPage -->
  <testcase classname="TestNG.VerifyAddAddressPage" name="@BeforeMethod Signin" time="-1.675944713229E9">
    <skipped/>
  </testcase> <!-- @BeforeMethod Signin -->
  <testcase classname="TestNG.VerifyAddAddressPage" name="@AfterMethod gobacktoMainPage" time="-1.675944713267E9">
    <skipped/>
  </testcase> <!-- @AfterMethod gobacktoMainPage -->
  <testcase classname="TestNG.VerifyAddAddressPage" name="@AfterClass clearObjects" time="-1.675944713282E9">
    <skipped/>
  </testcase> <!-- @AfterClass clearObjects -->
  <testcase classname="TestNG.VerifyAddAddressPage" name="@AfterTest closethebrowser" time="-1.675944713284E9">
    <skipped/>
  </testcase> <!-- @AfterTest closethebrowser -->
  <testcase classname="TestNG.VerifyAddAddressPage" name="VerifyEditAddress" time="0.0">
    <skipped/>
  </testcase> <!-- VerifyEditAddress -->
  <testcase classname="TestNG.VerifyAddAddressPage" name="AddNewAddress" time="0.0">
    <skipped/>
  </testcase> <!-- AddNewAddress -->
</testsuite> <!-- Default test -->
